loginscreen/build/intermediates/manifest_merge_blame_file/debug/manifest-merger-blame-debug-report.txt
1<?xml version="1.0" encoding="utf-8"?>
2<manifest xmlns:android="http://schemas.android.com/apk/res/android"
3    package="com.example.loginscreen" >
4
5    <uses-sdk
6        android:minSdkVersion="28"
6-->src/main/AndroidManifest.xml
7        android:targetSdkVersion="32" />
7-->src/main/AndroidManifest.xml
8
9    <application>
9-->src/main/AndroidManifest.xml:3:5-9:19
10        <activity
10-->src/main/AndroidManifest.xml:4:9-8:20
11            android:name="com.example.loginscreen.AuthActivity"
11-->src/main/AndroidManifest.xml:5:13-41
12            android:exported="true" >
12-->src/main/AndroidManifest.xml:6:13-36
13        </activity>
14    </application>
15
16</manifest>